(ARCTools Version 2.0.2)
 HexLoc     DecLoc    MachWord   Label        Instruction                Comment
                                              .org 2048                  
00000800  0000002048  c2002898  prog1:        ld [2200], %r1             
00000804  0000002052  c400289c                ld [2204], %r2             
00000808  0000002056  82804002                addcc %r1, %r2, %r1        
0000080c  0000002060  c40028a0                ld [2208], %r2             
00000810  0000002064  82804002                addcc %r1, %r2, %r1        
00000814  0000002068  c40028a4                ld [2212], %r2             
00000818  0000002072  82804002                addcc %r1, %r2, %r1        
0000081c  0000002076  c40028a8                ld [2216], %r2             
00000820  0000002080  82804002                addcc %r1, %r2, %r1        
00000824  0000002084  c22028c0                st %r1, [2240]             
                                                                         
                                              .org 2200                  
00000898  0000002200  ffffffff  x:                                       
0000089c  0000002204  00000002                                           
000008a0  0000002208  fffffffd                                           
000008a4  0000002212  00000004                                           
000008a8  0000002216  fffffffb                                           

--- Symbol Table ---
x: 2200
prog1: 2048
